<?xml version="1.0" encoding="UTF-8"?>
<!-- Generated by org.testng.reporters.JUnitReportReporter -->
<testsuite hostname="Laptop-Gera" failures="0" tests="2" name="Guru99.tests.TestGuru99Login" time="1.485" errors="0" timestamp="2023-10-22T16:17:58 PET" skipped="0">
  <testcase classname="Guru99.tests.TestGuru99Login" name="testHomePageAppearCorrect" time="1.460"/>
  <testcase classname="Guru99.tests.TestGuru99Login" name="testLoginCorrect" time="0.025"/>
</testsuite> <!-- Guru99.tests.TestGuru99Login -->
