<?xml version="1.0" encoding="UTF-8"?>
<!-- Generated by org.testng.reporters.JUnitReportReporter -->
<testsuite hostname="Laptop-Gera" failures="0" tests="2" name="Guru99.tests.TestLogin" time="1.313" errors="0" timestamp="2023-10-22T16:33:20 PET" skipped="0">
  <testcase classname="Guru99.tests.TestLogin" name="testHomePageAppearCorrect" time="1.304"/>
  <testcase classname="Guru99.tests.TestLogin" name="testLoginCorrect" time="0.009"/>
</testsuite> <!-- Guru99.tests.TestLogin -->
