<?xml version="1.0" encoding="UTF-8"?>
<!-- Generated by org.testng.reporters.JUnitReportReporter -->
<testsuite hostname="Laptop-Gera" failures="0" tests="3" name="Guru99.tests.TestLogin" time="4.006" errors="0" timestamp="2023-10-25T19:49:31 PET" skipped="0">
  <testcase classname="Guru99.tests.TestLogin" name="testLoginCorrect" time="0.845"/>
  <testcase classname="Guru99.tests.TestLogin" name="testLoginCorrect" time="0.816"/>
  <testcase classname="Guru99.tests.TestLogin" name="testLoginCorrect" time="2.345"/>
</testsuite> <!-- Guru99.tests.TestLogin -->
